<?xml version="1.0" encoding="UTF-8"?>
<!-- Generated by org.testng.reporters.JUnitReportReporter -->
<testsuite hostname="LAPTOP-SLBKNCFF" failures="0" tests="1" name="com.nov30.test.github.AllgithubTests" time="2.888" errors="0" timestamp="2023-12-01T09:17:52 CST" skipped="0">
  <testcase classname="com.nov30.test.github.AllgithubTests" name="getAllRecords" time="2.888"/>
  <system-out/>
</testsuite> <!-- com.nov30.test.github.AllgithubTests -->
