<?xml version="1.0" encoding="UTF-8"?>
<!-- Generated by org.testng.reporters.JUnitReportReporter -->
<testsuite hostname="LAPTOP-SLBKNCFF" failures="0" tests="1" name="com.nov30.test.github.AllgithubTests" time="4.343" errors="0" timestamp="2023-12-01T14:44:10 CST" skipped="0">
  <testcase classname="com.nov30.test.github.AllgithubTests" name="UpdateTheRepositoryName" time="4.343"/>
  <system-out/>
</testsuite> <!-- com.nov30.test.github.AllgithubTests -->
